Using pre-set license
Built from '2021.3/staging' branch; Version is '2021.3.5f1 (40eb3a945986) revision 4254522'; Using compiler version '192829333'; Build Type 'Release'
OS: 'Windows 10  (10.0.19044) 64bit Professional' Language: 'ko' Physical Memory: 15659 MB
BatchMode: 1, IsHumanControllingUs: 0, StartBugReporterOnCrash: 0, Is64bit: 1, IsPro: 1

COMMAND LINE ARGUMENTS:
C:\unity\2021.3.5f1\Editor\Unity.exe
-adb2
-batchMode
-noUpm
-name
AssetImportWorker5
-projectPath
C:/Unity-Project/FlakHero
-logFile
Logs/AssetImportWorker5.log
-srvPort
59248
Successfully changed project path to: C:/Unity-Project/FlakHero
C:/Unity-Project/FlakHero
[UnityMemory] Configuration Parameters - Can be set up in boot.config
    "memorysetup-bucket-allocator-granularity=16"
    "memorysetup-bucket-allocator-bucket-count=8"
    "memorysetup-bucket-allocator-block-size=33554432"
    "memorysetup-bucket-allocator-block-count=8"
    "memorysetup-main-allocator-block-size=16777216"
    "memorysetup-thread-allocator-block-size=16777216"
    "memorysetup-gfx-main-allocator-block-size=16777216"
    "memorysetup-gfx-thread-allocator-block-size=16777216"
    "memorysetup-cache-allocator-block-size=4194304"
    "memorysetup-typetree-allocator-block-size=2097152"
    "memorysetup-profiler-bucket-allocator-granularity=16"
    "memorysetup-profiler-bucket-allocator-bucket-count=8"
    "memorysetup-profiler-bucket-allocator-block-size=33554432"
    "memorysetup-profiler-bucket-allocator-block-count=8"
    "memorysetup-profiler-allocator-block-size=16777216"
    "memorysetup-profiler-editor-allocator-block-size=1048576"
    "memorysetup-temp-allocator-size-main=16777216"
    "memorysetup-job-temp-allocator-block-size=2097152"
    "memorysetup-job-temp-allocator-block-size-background=1048576"
    "memorysetup-job-temp-allocator-reduction-small-platforms=262144"
    "memorysetup-temp-allocator-size-background-worker=32768"
    "memorysetup-temp-allocator-size-job-worker=262144"
    "memorysetup-temp-allocator-size-preload-manager=33554432"
    "memorysetup-temp-allocator-size-nav-mesh-worker=65536"
    "memorysetup-temp-allocator-size-audio-worker=65536"
    "memorysetup-temp-allocator-size-cloud-worker=32768"
    "memorysetup-temp-allocator-size-gi-baking-worker=262144"
    "memorysetup-temp-allocator-size-gfx=262144"
Refreshing native plugins compatible for Editor in 57.63 ms, found 3 plugins.
Preloading 0 native plugins for Editor in 0.00 ms.
Initialize engine version: 2021.3.5f1 (40eb3a945986)
[Subsystems] Discovering subsystems at path C:/unity/2021.3.5f1/Editor/Data/Resources/UnitySubsystems
[Subsystems] Discovering subsystems at path C:/Unity-Project/FlakHero/Assets
GfxDevice: creating device client; threaded=0; jobified=0
Direct3D:
    Version:  Direct3D 11.0 [level 11.1]
    Renderer: AMD Radeon(TM) Graphics (ID=0x1638)
    Vendor:   ATI
    VRAM:     7829 MB
    Driver:   30.0.13014.8
Initialize mono
Mono path[0] = 'C:/unity/2021.3.5f1/Editor/Data/Managed'
Mono path[1] = 'C:/unity/2021.3.5f1/Editor/Data/MonoBleedingEdge/lib/mono/unityjit-win32'
Mono config path = 'C:/unity/2021.3.5f1/Editor/Data/MonoBleedingEdge/etc'
Using monoOptions --debugger-agent=transport=dt_socket,embedding=1,server=y,suspend=n,address=127.0.0.1:56072
Begin MonoManager ReloadAssembly
Registering precompiled unity dll's ...
Register platform support module: C:/unity/2021.3.5f1/Editor/Data/PlaybackEngines/AndroidPlayer/UnityEditor.Android.Extensions.dll
Register platform support module: C:/unity/2021.3.5f1/Editor/Data/PlaybackEngines/WindowsStandaloneSupport/UnityEditor.WindowsStandalone.Extensions.dll
Register platform support module: C:/unity/2021.3.5f1/Editor/Data/PlaybackEngines/MetroSupport/UnityEditor.UWP.Extensions.dll
Registered in 0.004697 seconds.
Native extension for UWP target not found
Native extension for WindowsStandalone target not found
Native extension for Android target not found
Refreshing native plugins compatible for Editor in 56.37 ms, found 3 plugins.
Preloading 0 native plugins for Editor in 0.00 ms.
Mono: successfully reloaded assembly
- Completed reload, in  0.502 seconds
Domain Reload Profiling:
	ReloadAssembly (502ms)
		BeginReloadAssembly (57ms)
			ExecutionOrderSort (0ms)
			DisableScriptedObjects (0ms)
			BackupInstance (0ms)
			ReleaseScriptingObjects (0ms)
			CreateAndSetChildDomain (1ms)
		EndReloadAssembly (357ms)
			LoadAssemblies (56ms)
			RebuildTransferFunctionScriptingTraits (0ms)
			SetupTypeCache (79ms)
			ReleaseScriptCaches (0ms)
			RebuildScriptCaches (19ms)
			SetupLoadedEditorAssemblies (220ms)
				LogAssemblyErrors (0ms)
				InitializePlatformSupportModulesInManaged (44ms)
				SetLoadedEditorAssemblies (0ms)
				RefreshPlugins (56ms)
				BeforeProcessingInitializeOnLoad (1ms)
				ProcessInitializeOnLoadAttributes (79ms)
				ProcessInitializeOnLoadMethodAttributes (38ms)
				AfterProcessingInitializeOnLoad (0ms)
				EditorAssembliesLoaded (0ms)
			ExecutionOrderSort2 (0ms)
			AwakeInstancesAfterBackupRestoration (0ms)
Platform modules already initialized, skipping
Registering precompiled user dll's ...
Registered in 0.004407 seconds.
Begin MonoManager ReloadAssembly
Symbol file LoadedFromMemory doesn't match image C:\Unity-Project\FlakHero\Library\PackageCache\com.unity.visualscripting@1.7.8\Editor\VisualScripting.Core\Dependencies\YamlDotNet\Unity.VisualScripting.YamlDotNet.dll
Symbol file LoadedFromMemory doesn't match image C:\Unity-Project\FlakHero\Library\PackageCache\com.unity.visualscripting@1.7.8\Editor\VisualScripting.Core\Dependencies\DotNetZip\Unity.VisualScripting.IonicZip.dll
Native extension for UWP target not found
Native extension for WindowsStandalone target not found
Native extension for Android target not found
Refreshing native plugins compatible for Editor in 0.60 ms, found 3 plugins.
Preloading 0 native plugins for Editor in 0.00 ms.
Mono: successfully reloaded assembly
- Completed reload, in  0.850 seconds
Domain Reload Profiling:
	ReloadAssembly (851ms)
		BeginReloadAssembly (207ms)
			ExecutionOrderSort (0ms)
			DisableScriptedObjects (5ms)
			BackupInstance (0ms)
			ReleaseScriptingObjects (0ms)
			CreateAndSetChildDomain (134ms)
		EndReloadAssembly (559ms)
			LoadAssemblies (64ms)
			RebuildTransferFunctionScriptingTraits (0ms)
			SetupTypeCache (163ms)
			ReleaseScriptCaches (0ms)
			RebuildScriptCaches (35ms)
			SetupLoadedEditorAssemblies (271ms)
				LogAssemblyErrors (0ms)
				InitializePlatformSupportModulesInManaged (11ms)
				SetLoadedEditorAssemblies (0ms)
				RefreshPlugins (1ms)
				BeforeProcessingInitializeOnLoad (58ms)
				ProcessInitializeOnLoadAttributes (172ms)
				ProcessInitializeOnLoadMethodAttributes (24ms)
				AfterProcessingInitializeOnLoad (5ms)
				EditorAssembliesLoaded (0ms)
			ExecutionOrderSort2 (0ms)
			AwakeInstancesAfterBackupRestoration (4ms)
Platform modules already initialized, skipping
========================================================================
Worker process is ready to serve import requests
Launched and connected shader compiler UnityShaderCompiler.exe after 0.03 seconds
Refreshing native plugins compatible for Editor in 1.15 ms, found 3 plugins.
Preloading 0 native plugins for Editor in 0.00 ms.
Unloading 3298 Unused Serialized files (Serialized files now loaded: 0)
Unloading 24 unused Assets / (59.2 KB). Loaded Objects now: 3766.
Memory consumption went from 116.0 MB to 116.0 MB.
Total: 2.656300 ms (FindLiveObjects: 0.245600 ms CreateObjectMapping: 0.078700 ms MarkObjects: 2.172100 ms  DeleteObjects: 0.159100 ms)

AssetImportParameters requested are different than current active one (requested -> active):
  custom:video-decoder-ogg-theora: a1e56fd34408186e4bbccfd4996cb3dc -> 
  custom:container-muxer-webm: aa71ff27fc2769a1b78a27578f13a17b -> 
  custom:container-demuxer-webm: 4f35f7cbe854078d1ac9338744f61a02 -> 
  custom:video-encoder-webm-vp8: eb34c28f22e8b96e1ab97ce403110664 -> 
  custom:audio-encoder-webm-vorbis: bf7c407c2cedff20999df2af8eb42d56 -> 
  custom:framework-win-MediaFoundation: 216162199b28c13a410421893ffa2e32 -> 
  custom:container-demuxer-ogg: 62fdf1f143b41e24485cea50d1cbac27 -> 
  custom:video-decoder-webm-vp8: 9c59270c3fd7afecdb556c50c9e8de78 -> 
  custom:audio-decoder-ogg-vorbis: bf7c407c2cedff20999df2af8eb42d56 -> 
========================================================================
Received Import Request.
  Time since last request: 542693.863401 seconds.
  path: Assets/ZExternalAssets 1/ExternalAssets/Toon Muzzleflash Pack/Components/Spritesheets/Side/toon_muzzleflash_side_spritesheet_1.png
  artifactKey: Guid(e91c78da749a5d44db424d8dbc3d09d2) Importer(815301076,1909f56bfc062723c751e8b465ee728b)
Start importing Assets/ZExternalAssets 1/ExternalAssets/Toon Muzzleflash Pack/Components/Spritesheets/Side/toon_muzzleflash_side_spritesheet_1.png using Guid(e91c78da749a5d44db424d8dbc3d09d2) Importer(815301076,1909f56bfc062723c751e8b465ee728b)  -> (artifact id: '537a40720f57652a1ab3a02e27593a93') in 0.148180 seconds 
========================================================================
Received Import Request.
  Time since last request: 0.960616 seconds.
  path: Assets/ZExternalAssets 1/ExternalAssets/Low Poly FPS Pack - Free (Sample)/Components/Textures_&_Sprites/UI/handgun_01_icon.png
  artifactKey: Guid(d6e4dc2ab496ac845a119b14c5abbb91) Importer(815301076,1909f56bfc062723c751e8b465ee728b)
Start importing Assets/ZExternalAssets 1/ExternalAssets/Low Poly FPS Pack - Free (Sample)/Components/Textures_&_Sprites/UI/handgun_01_icon.png using Guid(d6e4dc2ab496ac845a119b14c5abbb91) Importer(815301076,1909f56bfc062723c751e8b465ee728b)  -> (artifact id: '7a660332841f9296fb032a9ad0dec6ee') in 0.023669 seconds 
========================================================================
Received Import Request.
  Time since last request: 0.000019 seconds.
  path: Assets/ZExternalAssets 1/ExternalAssets/FPS Icons Pack/Dark Theme/Dark theme spritesheet 2.png
  artifactKey: Guid(5acb27b603af6d44ea6113c4b7b15385) Importer(815301076,1909f56bfc062723c751e8b465ee728b)
Start importing Assets/ZExternalAssets 1/ExternalAssets/FPS Icons Pack/Dark Theme/Dark theme spritesheet 2.png using Guid(5acb27b603af6d44ea6113c4b7b15385) Importer(815301076,1909f56bfc062723c751e8b465ee728b)  -> (artifact id: 'a5e979077c402eeb2c7d8f092df08e7e') in 0.119822 seconds 
========================================================================
Received Import Request.
  Time since last request: 0.213058 seconds.
  path: Assets/Textures/BloodScreen.png
  artifactKey: Guid(a9c9ad8a4f2c3d944ad2c2b961287ec5) Importer(815301076,1909f56bfc062723c751e8b465ee728b)
Start importing Assets/Textures/BloodScreen.png using Guid(a9c9ad8a4f2c3d944ad2c2b961287ec5) Importer(815301076,1909f56bfc062723c751e8b465ee728b)  -> (artifact id: 'a460010591cc9e44baa6212f02b0b760') in 0.040115 seconds 
========================================================================
Received Import Request.
  Time since last request: 0.000028 seconds.
  path: Assets/Textures/Aim01.png
  artifactKey: Guid(8742dcab362359044b751816195ab8c5) Importer(815301076,1909f56bfc062723c751e8b465ee728b)
Start importing Assets/Textures/Aim01.png using Guid(8742dcab362359044b751816195ab8c5) Importer(815301076,1909f56bfc062723c751e8b465ee728b)  -> (artifact id: 'f4f30a1c103333cfc22e0d5d2976e873') in 0.023728 seconds 
========================================================================
Received Import Request.
  Time since last request: 0.869864 seconds.
  path: Assets/ZExternalAssets 1/ExternalAssets/Toon Muzzleflash Pack/Components/Spritesheets/Side/toon_muzzleflash_side_spritesheet_4.png
  artifactKey: Guid(f1163af3b1501ea4fb235e43fe0d8ec4) Importer(815301076,1909f56bfc062723c751e8b465ee728b)
Start importing Assets/ZExternalAssets 1/ExternalAssets/Toon Muzzleflash Pack/Components/Spritesheets/Side/toon_muzzleflash_side_spritesheet_4.png using Guid(f1163af3b1501ea4fb235e43fe0d8ec4) Importer(815301076,1909f56bfc062723c751e8b465ee728b)  -> (artifact id: '3c0f79d0b0b31aefbb470db34ae8d5f9') in 0.078093 seconds 
Editor requested this worker to shutdown with reason: Scaling down because of idle timeout
AssetImportWorker is now disconnected from the server
Process exiting
Exiting without the bug reporter. Application will terminate with return code 0