Using pre-set license
Built from '2021.3/staging' branch; Version is '2021.3.5f1 (40eb3a945986) revision 4254522'; Using compiler version '192829333'; Build Type 'Release'
OS: 'Windows 10  (10.0.19044) 64bit Professional' Language: 'ko' Physical Memory: 15659 MB
BatchMode: 1, IsHumanControllingUs: 0, StartBugReporterOnCrash: 0, Is64bit: 1, IsPro: 1

COMMAND LINE ARGUMENTS:
C:\unity\2021.3.5f1\Editor\Unity.exe
-adb2
-batchMode
-noUpm
-name
AssetImportWorker3
-projectPath
C:/Unity-Project/FlakHero
-logFile
Logs/AssetImportWorker3.log
-srvPort
59248
Successfully changed project path to: C:/Unity-Project/FlakHero
C:/Unity-Project/FlakHero
[UnityMemory] Configuration Parameters - Can be set up in boot.config
    "memorysetup-bucket-allocator-granularity=16"
    "memorysetup-bucket-allocator-bucket-count=8"
    "memorysetup-bucket-allocator-block-size=33554432"
    "memorysetup-bucket-allocator-block-count=8"
    "memorysetup-main-allocator-block-size=16777216"
    "memorysetup-thread-allocator-block-size=16777216"
    "memorysetup-gfx-main-allocator-block-size=16777216"
    "memorysetup-gfx-thread-allocator-block-size=16777216"
    "memorysetup-cache-allocator-block-size=4194304"
    "memorysetup-typetree-allocator-block-size=2097152"
    "memorysetup-profiler-bucket-allocator-granularity=16"
    "memorysetup-profiler-bucket-allocator-bucket-count=8"
    "memorysetup-profiler-bucket-allocator-block-size=33554432"
    "memorysetup-profiler-bucket-allocator-block-count=8"
    "memorysetup-profiler-allocator-block-size=16777216"
    "memorysetup-profiler-editor-allocator-block-size=1048576"
    "memorysetup-temp-allocator-size-main=16777216"
    "memorysetup-job-temp-allocator-block-size=2097152"
    "memorysetup-job-temp-allocator-block-size-background=1048576"
    "memorysetup-job-temp-allocator-reduction-small-platforms=262144"
    "memorysetup-temp-allocator-size-background-worker=32768"
    "memorysetup-temp-allocator-size-job-worker=262144"
    "memorysetup-temp-allocator-size-preload-manager=33554432"
    "memorysetup-temp-allocator-size-nav-mesh-worker=65536"
    "memorysetup-temp-allocator-size-audio-worker=65536"
    "memorysetup-temp-allocator-size-cloud-worker=32768"
    "memorysetup-temp-allocator-size-gi-baking-worker=262144"
    "memorysetup-temp-allocator-size-gfx=262144"
Refreshing native plugins compatible for Editor in 54.83 ms, found 3 plugins.
Preloading 0 native plugins for Editor in 0.00 ms.
Initialize engine version: 2021.3.5f1 (40eb3a945986)
[Subsystems] Discovering subsystems at path C:/unity/2021.3.5f1/Editor/Data/Resources/UnitySubsystems
[Subsystems] Discovering subsystems at path C:/Unity-Project/FlakHero/Assets
GfxDevice: creating device client; threaded=0; jobified=0
Direct3D:
    Version:  Direct3D 11.0 [level 11.1]
    Renderer: AMD Radeon(TM) Graphics (ID=0x1638)
    Vendor:   ATI
    VRAM:     7829 MB
    Driver:   30.0.13014.8
Initialize mono
Mono path[0] = 'C:/unity/2021.3.5f1/Editor/Data/Managed'
Mono path[1] = 'C:/unity/2021.3.5f1/Editor/Data/MonoBleedingEdge/lib/mono/unityjit-win32'
Mono config path = 'C:/unity/2021.3.5f1/Editor/Data/MonoBleedingEdge/etc'
Using monoOptions --debugger-agent=transport=dt_socket,embedding=1,server=y,suspend=n,address=127.0.0.1:56792
Begin MonoManager ReloadAssembly
Registering precompiled unity dll's ...
Register platform support module: C:/unity/2021.3.5f1/Editor/Data/PlaybackEngines/AndroidPlayer/UnityEditor.Android.Extensions.dll
Register platform support module: C:/unity/2021.3.5f1/Editor/Data/PlaybackEngines/WindowsStandaloneSupport/UnityEditor.WindowsStandalone.Extensions.dll
Register platform support module: C:/unity/2021.3.5f1/Editor/Data/PlaybackEngines/MetroSupport/UnityEditor.UWP.Extensions.dll
Registered in 0.004650 seconds.
Native extension for UWP target not found
Native extension for WindowsStandalone target not found
Native extension for Android target not found
Refreshing native plugins compatible for Editor in 54.13 ms, found 3 plugins.
Preloading 0 native plugins for Editor in 0.00 ms.
Mono: successfully reloaded assembly
- Completed reload, in  0.680 seconds
Domain Reload Profiling:
	ReloadAssembly (681ms)
		BeginReloadAssembly (57ms)
			ExecutionOrderSort (0ms)
			DisableScriptedObjects (0ms)
			BackupInstance (0ms)
			ReleaseScriptingObjects (0ms)
			CreateAndSetChildDomain (1ms)
		EndReloadAssembly (460ms)
			LoadAssemblies (56ms)
			RebuildTransferFunctionScriptingTraits (0ms)
			SetupTypeCache (172ms)
			ReleaseScriptCaches (0ms)
			RebuildScriptCaches (20ms)
			SetupLoadedEditorAssemblies (230ms)
				LogAssemblyErrors (0ms)
				InitializePlatformSupportModulesInManaged (44ms)
				SetLoadedEditorAssemblies (0ms)
				RefreshPlugins (54ms)
				BeforeProcessingInitializeOnLoad (1ms)
				ProcessInitializeOnLoadAttributes (85ms)
				ProcessInitializeOnLoadMethodAttributes (45ms)
				AfterProcessingInitializeOnLoad (0ms)
				EditorAssembliesLoaded (0ms)
			ExecutionOrderSort2 (0ms)
			AwakeInstancesAfterBackupRestoration (0ms)
Platform modules already initialized, skipping
Registering precompiled user dll's ...
Registered in 0.003789 seconds.
Begin MonoManager ReloadAssembly
Symbol file LoadedFromMemory doesn't match image C:\Unity-Project\FlakHero\Library\PackageCache\com.unity.visualscripting@1.7.8\Editor\VisualScripting.Core\Dependencies\YamlDotNet\Unity.VisualScripting.YamlDotNet.dll
Symbol file LoadedFromMemory doesn't match image C:\Unity-Project\FlakHero\Library\PackageCache\com.unity.visualscripting@1.7.8\Editor\VisualScripting.Core\Dependencies\DotNetZip\Unity.VisualScripting.IonicZip.dll
Native extension for UWP target not found
Native extension for WindowsStandalone target not found
Native extension for Android target not found
Refreshing native plugins compatible for Editor in 0.52 ms, found 3 plugins.
Preloading 0 native plugins for Editor in 0.00 ms.
Mono: successfully reloaded assembly
- Completed reload, in  0.879 seconds
Domain Reload Profiling:
	ReloadAssembly (880ms)
		BeginReloadAssembly (195ms)
			ExecutionOrderSort (0ms)
			DisableScriptedObjects (5ms)
			BackupInstance (0ms)
			ReleaseScriptingObjects (0ms)
			CreateAndSetChildDomain (121ms)
		EndReloadAssembly (599ms)
			LoadAssemblies (58ms)
			RebuildTransferFunctionScriptingTraits (0ms)
			SetupTypeCache (155ms)
			ReleaseScriptCaches (0ms)
			RebuildScriptCaches (37ms)
			SetupLoadedEditorAssemblies (320ms)
				LogAssemblyErrors (0ms)
				InitializePlatformSupportModulesInManaged (12ms)
				SetLoadedEditorAssemblies (0ms)
				RefreshPlugins (1ms)
				BeforeProcessingInitializeOnLoad (58ms)
				ProcessInitializeOnLoadAttributes (220ms)
				ProcessInitializeOnLoadMethodAttributes (23ms)
				AfterProcessingInitializeOnLoad (6ms)
				EditorAssembliesLoaded (0ms)
			ExecutionOrderSort2 (0ms)
			AwakeInstancesAfterBackupRestoration (4ms)
Platform modules already initialized, skipping
========================================================================
Worker process is ready to serve import requests
Launched and connected shader compiler UnityShaderCompiler.exe after 0.06 seconds
Refreshing native plugins compatible for Editor in 0.85 ms, found 3 plugins.
Preloading 0 native plugins for Editor in 0.00 ms.
Unloading 3298 Unused Serialized files (Serialized files now loaded: 0)
Unloading 24 unused Assets / (59.2 KB). Loaded Objects now: 3766.
Memory consumption went from 116.1 MB to 116.0 MB.
Total: 2.624400 ms (FindLiveObjects: 0.236800 ms CreateObjectMapping: 0.078100 ms MarkObjects: 2.208600 ms  DeleteObjects: 0.100300 ms)

AssetImportParameters requested are different than current active one (requested -> active):
  custom:video-decoder-ogg-theora: a1e56fd34408186e4bbccfd4996cb3dc -> 
  custom:container-muxer-webm: aa71ff27fc2769a1b78a27578f13a17b -> 
  custom:container-demuxer-webm: 4f35f7cbe854078d1ac9338744f61a02 -> 
  custom:video-encoder-webm-vp8: eb34c28f22e8b96e1ab97ce403110664 -> 
  custom:audio-encoder-webm-vorbis: bf7c407c2cedff20999df2af8eb42d56 -> 
  custom:framework-win-MediaFoundation: 216162199b28c13a410421893ffa2e32 -> 
  custom:container-demuxer-ogg: 62fdf1f143b41e24485cea50d1cbac27 -> 
  custom:video-decoder-webm-vp8: 9c59270c3fd7afecdb556c50c9e8de78 -> 
  custom:audio-decoder-ogg-vorbis: bf7c407c2cedff20999df2af8eb42d56 -> 
========================================================================
Received Import Request.
  Time since last request: 542398.141874 seconds.
  path: Assets/Prefabs/EnemyAircraft.prefab
  artifactKey: Guid(d965b2d6222652042a610bd1ecaa61eb) Importer(815301076,1909f56bfc062723c751e8b465ee728b)
Start importing Assets/Prefabs/EnemyAircraft.prefab using Guid(d965b2d6222652042a610bd1ecaa61eb) Importer(815301076,1909f56bfc062723c751e8b465ee728b)  -> (artifact id: '70d251484caf8a525e24bb6038009647') in 0.125564 seconds 
========================================================================
Received Import Request.
  Time since last request: 95.915594 seconds.
  path: Assets/ZExternalAssets 1/ExternalAssets/Low Poly FPS Pack - Free (Sample)/Components/Demo_Scene_Components/Materials/Prototype_Materials/4x4_Grid_Material.mat
  artifactKey: Guid(b3ba5dcf86ba43045b0ba31c9715b60e) Importer(815301076,1909f56bfc062723c751e8b465ee728b)
Start importing Assets/ZExternalAssets 1/ExternalAssets/Low Poly FPS Pack - Free (Sample)/Components/Demo_Scene_Components/Materials/Prototype_Materials/4x4_Grid_Material.mat using Guid(b3ba5dcf86ba43045b0ba31c9715b60e) Importer(815301076,1909f56bfc062723c751e8b465ee728b)  -> (artifact id: '0263e2615152df6a7419b53b633cb00f') in 0.037463 seconds 
========================================================================
Received Import Request.
  Time since last request: 0.000018 seconds.
  path: Assets/Low Poly Rafale Jet/3D Models/single rafale.fbx
  artifactKey: Guid(7889650b7c5b53a4f9acd25d8b09222e) Importer(815301076,1909f56bfc062723c751e8b465ee728b)
Start importing Assets/Low Poly Rafale Jet/3D Models/single rafale.fbx using Guid(7889650b7c5b53a4f9acd25d8b09222e) Importer(815301076,1909f56bfc062723c751e8b465ee728b)  -> (artifact id: '09c87d243e2391055bfd517d66f43a84') in 0.182055 seconds 
========================================================================
Received Import Request.
  Time since last request: 0.000030 seconds.
  path: Assets/TextMesh Pro/Fonts/LiberationSans.ttf
  artifactKey: Guid(e3265ab4bf004d28a9537516768c1c75) Importer(815301076,1909f56bfc062723c751e8b465ee728b)
Start importing Assets/TextMesh Pro/Fonts/LiberationSans.ttf using Guid(e3265ab4bf004d28a9537516768c1c75) Importer(815301076,1909f56bfc062723c751e8b465ee728b)  -> (artifact id: '86e85d55384b22641579099d0f1ce7e8') in 0.031356 seconds 
========================================================================
Received Import Request.
  Time since last request: 0.000018 seconds.
  path: Assets/Low Poly Rafale Jet/Materials/color.mat
  artifactKey: Guid(b7a1e4ae6f66e3e409ca0fc15904961e) Importer(815301076,1909f56bfc062723c751e8b465ee728b)
Start importing Assets/Low Poly Rafale Jet/Materials/color.mat using Guid(b7a1e4ae6f66e3e409ca0fc15904961e) Importer(815301076,1909f56bfc062723c751e8b465ee728b)  -> (artifact id: 'beae5ae731ee64cef06120070f8ba2e0') in 0.025039 seconds 
========================================================================
Received Import Request.
  Time since last request: 0.000034 seconds.
  path: Assets/ZExternalAssets 1/ExternalAssets/Low Poly FPS Pack - Free (Sample)/Components/Meshes/Arms/Materials/Arms Material.mat
  artifactKey: Guid(5eea69f57b7ce654a8a7a2d6d64ecd82) Importer(815301076,1909f56bfc062723c751e8b465ee728b)
Start importing Assets/ZExternalAssets 1/ExternalAssets/Low Poly FPS Pack - Free (Sample)/Components/Meshes/Arms/Materials/Arms Material.mat using Guid(5eea69f57b7ce654a8a7a2d6d64ecd82) Importer(815301076,1909f56bfc062723c751e8b465ee728b)  -> (artifact id: '9d4d19c5029856c02d70d603625e1a5f') in 0.014450 seconds 
========================================================================
Received Import Request.
  Time since last request: 0.000017 seconds.
  path: Assets/War Plane/for unity 4.fbx
  artifactKey: Guid(966e26e5619a07049b54c17ff86680c5) Importer(815301076,1909f56bfc062723c751e8b465ee728b)
Start importing Assets/War Plane/for unity 4.fbx using Guid(966e26e5619a07049b54c17ff86680c5) Importer(815301076,1909f56bfc062723c751e8b465ee728b)  -> (artifact id: '59064301222cd4d35934e8feb41bce02') in 0.065732 seconds 
========================================================================
Received Import Request.
  Time since last request: 2.786766 seconds.
  path: Assets/Fonts/Maplestory Bold.ttf
  artifactKey: Guid(f52e1cbc2604d15458b0d861fe377bad) Importer(815301076,1909f56bfc062723c751e8b465ee728b)
Start importing Assets/Fonts/Maplestory Bold.ttf using Guid(f52e1cbc2604d15458b0d861fe377bad) Importer(815301076,1909f56bfc062723c751e8b465ee728b)  -> (artifact id: '1d4d4b16bc9a3797f6a6abe9f1545b7d') in 0.017818 seconds 
========================================================================
Received Import Request.
  Time since last request: 0.000024 seconds.
  path: Assets/Materials/Ground100X100 1.mat
  artifactKey: Guid(29267359d484af940acb8ca14539c420) Importer(815301076,1909f56bfc062723c751e8b465ee728b)
Start importing Assets/Materials/Ground100X100 1.mat using Guid(29267359d484af940acb8ca14539c420) Importer(815301076,1909f56bfc062723c751e8b465ee728b)  -> (artifact id: '8b85bf72909a7c5f1d5460b72c04df19') in 0.014126 seconds 
========================================================================
Received Import Request.
  Time since last request: 0.015479 seconds.
  path: Assets/Materials/Impact.mat
  artifactKey: Guid(4cad15e4ab174d3489626fd04e441038) Importer(815301076,1909f56bfc062723c751e8b465ee728b)
Start importing Assets/Materials/Impact.mat using Guid(4cad15e4ab174d3489626fd04e441038) Importer(815301076,1909f56bfc062723c751e8b465ee728b)  -> (artifact id: 'cd4716253b32b155f93f9a1ad82d6ce3') in 0.011500 seconds 
========================================================================
Received Import Request.
  Time since last request: 0.000019 seconds.
  path: Assets/TextMesh Pro/Resources/Fonts & Materials/LiberationSans SDF - Drop Shadow.mat
  artifactKey: Guid(e73a58f6e2794ae7b1b7e50b7fb811b0) Importer(815301076,1909f56bfc062723c751e8b465ee728b)
Start importing Assets/TextMesh Pro/Resources/Fonts & Materials/LiberationSans SDF - Drop Shadow.mat using Guid(e73a58f6e2794ae7b1b7e50b7fb811b0) Importer(815301076,1909f56bfc062723c751e8b465ee728b)  -> (artifact id: 'd0fde6e8d6f76fb594bc441bf3f1a094') in 0.041997 seconds 
========================================================================
Received Import Request.
  Time since last request: 0.000021 seconds.
  path: Assets/TextMesh Pro/Resources/Fonts & Materials/LiberationSans SDF.asset
  artifactKey: Guid(8f586378b4e144a9851e7b34d9b748ee) Importer(815301076,1909f56bfc062723c751e8b465ee728b)
Start importing Assets/TextMesh Pro/Resources/Fonts & Materials/LiberationSans SDF.asset using Guid(8f586378b4e144a9851e7b34d9b748ee) Importer(815301076,1909f56bfc062723c751e8b465ee728b)  -> (artifact id: '7f0ddf4a78c93e8f7c4e88edfb4be960') in 0.044028 seconds 
========================================================================
Received Import Request.
  Time since last request: 0.653302 seconds.
  path: Assets/Materials/NormalBarrel.mat
  artifactKey: Guid(72e666c199a1d91409bbfb8a92c0573c) Importer(815301076,1909f56bfc062723c751e8b465ee728b)
Start importing Assets/Materials/NormalBarrel.mat using Guid(72e666c199a1d91409bbfb8a92c0573c) Importer(815301076,1909f56bfc062723c751e8b465ee728b)  -> (artifact id: '82569a74ab71037521ed79fed813cb0c') in 0.016670 seconds 
========================================================================
Received Import Request.
  Time since last request: 0.036240 seconds.
  path: Assets/Models/flake7.fbx
  artifactKey: Guid(188a11faeed392e4683180b022d1b45a) Importer(815301076,1909f56bfc062723c751e8b465ee728b)
Start importing Assets/Models/flake7.fbx using Guid(188a11faeed392e4683180b022d1b45a) Importer(815301076,1909f56bfc062723c751e8b465ee728b)  -> (artifact id: '5e3960d7a019ea0c9e8a9a16404f1e16') in 0.038203 seconds 
========================================================================
Received Import Request.
  Time since last request: 0.000018 seconds.
  path: Assets/ZExternalAssets 1/ExternalAssets/Toon Muzzleflash Pack/Components/Material/Sprites Material.mat
  artifactKey: Guid(69ed690a112ab9f4e8a4cdcdff2c570e) Importer(815301076,1909f56bfc062723c751e8b465ee728b)
Start importing Assets/ZExternalAssets 1/ExternalAssets/Toon Muzzleflash Pack/Components/Material/Sprites Material.mat using Guid(69ed690a112ab9f4e8a4cdcdff2c570e) Importer(815301076,1909f56bfc062723c751e8b465ee728b)  -> (artifact id: '505c33ff9c89f5db78dac352154f2ab3') in 0.011807 seconds 
========================================================================
Received Import Request.
  Time since last request: 0.000027 seconds.
  path: Assets/ZExternalAssets 1/ExternalAssets/Low Poly FPS Pack - Free (Sample)/Components/Materials/Particles/Smoke_Particle.mat
  artifactKey: Guid(b1c68c048883aa04e98206611bbd70f7) Importer(815301076,1909f56bfc062723c751e8b465ee728b)
Start importing Assets/ZExternalAssets 1/ExternalAssets/Low Poly FPS Pack - Free (Sample)/Components/Materials/Particles/Smoke_Particle.mat using Guid(b1c68c048883aa04e98206611bbd70f7) Importer(815301076,1909f56bfc062723c751e8b465ee728b)  -> (artifact id: 'c852815a9a6f62a5e34310407235dff9') in 0.022057 seconds 
Editor requested this worker to shutdown with reason: Scaling down because of idle timeout
AssetImportWorker is now disconnected from the server
Process exiting
Exiting without the bug reporter. Application will terminate with return code 0